<?xml version="1.0" encoding="UTF-8"?>
<testsuite name="service.GroceryServiceTest" tests="2" skipped="0" failures="0" errors="0" timestamp="2019-07-04T16:59:12" hostname="8X29HC2" time="1.741">
  <properties/>
  <testcase name="testJson" classname="service.GroceryServiceTest" time="1.671"/>
  <testcase name="testGrocery" classname="service.GroceryServiceTest" time="0.069"/>
  <system-out><![CDATA[]]></system-out>
  <system-err><![CDATA[]]></system-err>
</testsuite>
